2023-06-22 01:21:56,847 INFO ReactPy preloader has detected component frontend.src.components.register.registerFamily
2023-06-22 01:21:57,071 DEBUG ReactPy has registered component frontend.src.components.register.registerFamily
2023-06-22 01:21:57,071 INFO ReactPy preloader has detected component frontend.src.components.profile.UserProfile
2023-06-22 01:21:57,076 ERROR [91mReactPy failed to register component 'frontend.src.components.profile.UserProfile'! This component path may not be valid, or an exception may have occurred while importing.[0m
Traceback (most recent call last):
  File "C:\Users\Tevin\Documents\life_pieces\personal\nostalgia\nostalgia\lib\site-packages\reactpy_django\utils.py", line 104, in import_dotted_path
    module = import_module(module_name)
  File "C:\Users\Tevin\anaconda3\lib\importlib\__init__.py", line 127, in import_module
    return _bootstrap._gcd_import(name[level:], package, level)
  File "<frozen importlib._bootstrap>", line 1030, in _gcd_import
  File "<frozen importlib._bootstrap>", line 1007, in _find_and_load
  File "<frozen importlib._bootstrap>", line 986, in _find_and_load_unlocked
  File "<frozen importlib._bootstrap>", line 680, in _load_unlocked
  File "<frozen importlib._bootstrap_external>", line 850, in exec_module
  File "<frozen importlib._bootstrap>", line 228, in _call_with_frames_removed
  File "C:\Users\Tevin\Documents\life_pieces\personal\nostalgia\frontend\src\components\profile.py", line 2, in <module>
    from app_widgets import LoadingIndicator
ModuleNotFoundError: No module named 'app_widgets'

The above exception was the direct cause of the following exception:

Traceback (most recent call last):
  File "C:\Users\Tevin\Documents\life_pieces\personal\nostalgia\nostalgia\lib\site-packages\reactpy_django\utils.py", line 201, in register_components
    _register_component(component)
  File "C:\Users\Tevin\Documents\life_pieces\personal\nostalgia\nostalgia\lib\site-packages\reactpy_django\utils.py", line 94, in _register_component
    REACTPY_REGISTERED_COMPONENTS[dotted_path] = import_dotted_path(dotted_path)
  File "C:\Users\Tevin\Documents\life_pieces\personal\nostalgia\nostalgia\lib\site-packages\reactpy_django\utils.py", line 106, in import_dotted_path
    raise RuntimeError(
RuntimeError: Failed to import 'frontend.src.components.profile' while loading 'UserProfile'
2023-06-22 01:21:57,076 INFO ReactPy preloader has detected component frontend.src.components.register.newMember
2023-06-22 01:21:57,076 DEBUG ReactPy has registered component frontend.src.components.register.newMember
2023-06-22 01:21:57,076 INFO ReactPy preloader has detected component frontend.src.components.login.loginForm
2023-06-22 01:21:57,076 DEBUG ReactPy has registered component frontend.src.components.login.loginForm
